[0m[[0minfo[0m] [0m[32mAnagramsSuite:[0m[0m
[0m[[0minfo[0m] [0m[32m- wordOccurrences: abcd[0m[0m
[0m[[0minfo[0m] [0m[32m- wordOccurrences: Robert[0m[0m
[0m[[0minfo[0m] [0m[32m- sentenceOccurrences: abcd e[0m[0m
[0m[[0minfo[0m] [0m[32m- sentenceOccurrencces: Roberto Carlos[0m[0m
[0m[[0minfo[0m] [0m[32m- dictionaryByOccurrences.get: eat[0m[0m
[0m[[0minfo[0m] [0m[32m- word anagrams: married[0m[0m
[0m[[0minfo[0m] [0m[32m- word anagrams: player[0m[0m
[0m[[0minfo[0m] [0m[32m- subtract: lard - r[0m[0m
[0m[[0minfo[0m] [0m[32m- combinations: [][0m[0m
[0m[[0minfo[0m] [0m[32m- combinations: abba[0m[0m
[0m[[0minfo[0m] [0m[31m- sentence anagrams: [] *** FAILED ***[0m[0m
[0m[[0minfo[0m] [0m[31m  scala.NotImplementedError: an implementation is missing[0m[0m
[0m[[0minfo[0m] [0m[31m  at scala.Predef$.$qmark$qmark$qmark(Predef.scala:252)[0m[0m
[0m[[0minfo[0m] [0m[31m  at forcomp.Anagrams$.sentenceAnagrams(Anagrams.scala:178)[0m[0m
[0m[[0minfo[0m] [0m[31m  at forcomp.AnagramsSuite$$anonfun$11.apply$mcV$sp(AnagramsSuite.scala:82)[0m[0m
[0m[[0minfo[0m] [0m[31m  at forcomp.AnagramsSuite$$anonfun$11.apply(AnagramsSuite.scala:80)[0m[0m
[0m[[0minfo[0m] [0m[31m  at forcomp.AnagramsSuite$$anonfun$11.apply(AnagramsSuite.scala:80)[0m[0m
[0m[[0minfo[0m] [0m[31m  at org.scalatest.FunSuite$$anon$1.apply(FunSuite.scala:1265)[0m[0m
[0m[[0minfo[0m] [0m[31m  at org.scalatest.Suite$class.withFixture(Suite.scala:1974)[0m[0m
[0m[[0minfo[0m] [0m[31m  at forcomp.AnagramsSuite.withFixture(AnagramsSuite.scala:11)[0m[0m
[0m[[0minfo[0m] [0m[31m  at org.scalatest.FunSuite$class.invokeWithFixture$1(FunSuite.scala:1262)[0m[0m
[0m[[0minfo[0m] [0m[31m  at org.scalatest.FunSuite$$anonfun$runTest$1.apply(FunSuite.scala:1271)[0m[0m
[0m[[0minfo[0m] [0m[31m  ...[0m[0m
[0m[[0minfo[0m] [0m[31m- sentence anagrams: Linux rulez *** FAILED ***[0m[0m
[0m[[0minfo[0m] [0m[31m  scala.NotImplementedError: an implementation is missing[0m[0m
[0m[[0minfo[0m] [0m[31m  at scala.Predef$.$qmark$qmark$qmark(Predef.scala:252)[0m[0m
[0m[[0minfo[0m] [0m[31m  at forcomp.Anagrams$.sentenceAnagrams(Anagrams.scala:178)[0m[0m
[0m[[0minfo[0m] [0m[31m  at forcomp.AnagramsSuite$$anonfun$12.apply$mcV$sp(AnagramsSuite.scala:109)[0m[0m
[0m[[0minfo[0m] [0m[31m  at forcomp.AnagramsSuite$$anonfun$12.apply(AnagramsSuite.scala:85)[0m[0m
[0m[[0minfo[0m] [0m[31m  at forcomp.AnagramsSuite$$anonfun$12.apply(AnagramsSuite.scala:85)[0m[0m
[0m[[0minfo[0m] [0m[31m  at org.scalatest.FunSuite$$anon$1.apply(FunSuite.scala:1265)[0m[0m
[0m[[0minfo[0m] [0m[31m  at org.scalatest.Suite$class.withFixture(Suite.scala:1974)[0m[0m
[0m[[0minfo[0m] [0m[31m  at forcomp.AnagramsSuite.withFixture(AnagramsSuite.scala:11)[0m[0m
[0m[[0minfo[0m] [0m[31m  at org.scalatest.FunSuite$class.invokeWithFixture$1(FunSuite.scala:1262)[0m[0m
[0m[[0minfo[0m] [0m[31m  at org.scalatest.FunSuite$$anonfun$runTest$1.apply(FunSuite.scala:1271)[0m[0m
[0m[[0minfo[0m] [0m[31m  ...[0m[0m
